жовт. 14, 2023 7:05:49 ПП command.GiftCommands sortCandies
INFO: Команда 'sortCandies' почала роботу.
жовт. 14, 2023 7:05:49 ПП command.GiftCommands sortCandies
INFO: Команда 'sortCandies' закінчила роботу.
жовт. 14, 2023 7:05:49 ПП command.GiftCommands calculateGiftWeight
INFO: Команда 'calculateGiftWeight' почала роботу.
жовт. 14, 2023 7:05:49 ПП command.GiftCommands calculateGiftWeight
INFO: Загальна вага подарунка = 70.0 грам
жовт. 14, 2023 7:05:49 ПП command.GiftCommands calculateGiftWeight
INFO: Команда 'calculateGiftWeight' закінчила роботу.
жовт. 14, 2023 7:05:49 ПП command.GiftCommands findCandyBySugarContent
INFO: Команда 'findCandyBySugarContent' почала роботу.
жовт. 14, 2023 7:05:49 ПП command.GiftCommands findCandyBySugarContent
WARNING: Невірний ввід при пошуку цукерок за вмістом цукру: null
жовт. 14, 2023 7:05:49 ПП command.GiftCommands addCandyToGift
INFO: Команда 'addCandyToGift' почала роботу.
жовт. 14, 2023 7:05:49 ПП command.GiftCommands addCandyToGift
INFO: Додана цукерка до подарунку: Шоколадний трепет
жовт. 14, 2023 7:05:49 ПП command.GiftCommands addCandyToGift
INFO: Додана цукерка до подарунку: Карамельна мелодія
жовт. 14, 2023 7:05:49 ПП command.GiftCommands addCandyToGift
INFO: Команда 'addCandyToGift' закінчила роботу.
жовт. 14, 2023 7:05:49 ПП command.GiftCommands removeCandyFromGift
INFO: Команда 'removeCandyFromGift' почала роботу.
жовт. 14, 2023 7:05:49 ПП command.GiftCommands removeCandyFromGift
INFO: Цукерка Шоколадний трепет вилучена із подарунку
жовт. 14, 2023 7:05:49 ПП command.GiftCommands removeCandyFromGift
INFO: Команда 'removeCandyFromGift' закінчила роботу.
